2024-07-01 19:19:53,621:WARNING:
'cuml' is a soft dependency and not included in the pycaret installation. Please run: `pip install cuml` to install.
2024-07-01 19:19:53,621:WARNING:
'cuml' is a soft dependency and not included in the pycaret installation. Please run: `pip install cuml` to install.
2024-07-01 19:19:53,621:WARNING:
'cuml' is a soft dependency and not included in the pycaret installation. Please run: `pip install cuml` to install.
2024-07-01 19:19:53,621:WARNING:
'cuml' is a soft dependency and not included in the pycaret installation. Please run: `pip install cuml` to install.
2024-07-01 19:19:55,270:INFO:Initializing load_model()
2024-07-01 19:19:55,270:INFO:load_model(model_name=Model/lightgbm_Gosis_model, platform=None, authentication=None, verbose=True)
2024-07-01 19:19:55,271:INFO:Initializing load_model()
2024-07-01 19:19:55,272:INFO:load_model(model_name=Model/lightgbm_Gosis_model, platform=None, authentication=None, verbose=True)
2024-07-01 19:19:55,271:INFO:Initializing load_model()
2024-07-01 19:19:55,272:INFO:load_model(model_name=Model/lightgbm_Gosis_model, platform=None, authentication=None, verbose=True)
2024-07-01 19:19:55,420:WARNING:C:\Users\abhis\anaconda3\envs\Streamlit_app\lib\site-packages\pycaret\internal\pipeline.py:146: UserWarning: Version mismatch:
current: {'deps_info': {'pip': '23.2.1', 'setuptools': '68.0.0', 'pycaret': '3.3.1', 'IPython': '8.16.1', 'ipywidgets': '8.1.1', 'tqdm': '4.66.1', 'numpy': '1.23.5', 'pandas': '1.5.3', 'jinja2': '3.1.2', 'scipy': '1.10.1', 'joblib': '1.3.2', 'sklearn': '1.4.2', 'pyod': '2.0.1', 'imblearn': '0.12.3', 'category_encoders': '2.6.2', 'lightgbm': '4.1.0', 'numba': '0.58.0', 'requests': '2.31.0', 'matplotlib': '3.8.0', 'scikitplot': '0.3.7', 'yellowbrick': '1.5', 'plotly': '5.17.0', 'plotly-resampler': 'Not installed', 'kaleido': '0.2.1', 'schemdraw': '0.15', 'statsmodels': '0.14.0', 'sktime': '0.26.0', 'tbats': '1.1.3', 'pmdarima': '2.0.4', 'psutil': '5.9.5', 'markupsafe': '2.1.3', 'pickle5': 'Not installed', 'cloudpickle': '2.2.1', 'deprecation': '2.1.0', 'xxhash': '3.4.1', 'wurlitzer': 'Not installed'}, 'python': {'version': '3.10.13', 'machine': 'AMD64'}}
pickle: {'deps_info': {'pip': '23.3.1', 'setuptools': '68.2.2', 'pycaret': '3.3.1', 'IPython': '8.18.1', 'ipywidgets': '8.1.2', 'tqdm': '4.66.2', 'numpy': '1.26.4', 'pandas': '2.1.4', 'jinja2': '3.1.3', 'scipy': '1.11.4', 'joblib': '1.3.2', 'sklearn': '1.4.2', 'pyod': '1.1.3', 'imblearn': '0.12.2', 'category_encoders': '2.6.3', 'lightgbm': '4.3.0', 'numba': '0.59.1', 'requests': '2.31.0', 'matplotlib': '3.7.5', 'scikitplot': '0.3.7', 'yellowbrick': '1.5', 'plotly': '5.21.0', 'plotly-resampler': 'Not installed', 'kaleido': '0.2.1', 'schemdraw': '0.15', 'statsmodels': '0.14.2', 'sktime': '0.26.0', 'tbats': '1.1.3', 'pmdarima': '2.0.4', 'psutil': '5.9.8', 'markupsafe': '2.1.5', 'pickle5': 'Not installed', 'cloudpickle': '3.0.0', 'deprecation': '2.1.0', 'xxhash': '3.4.1', 'wurlitzer': 'Not installed'}, 'python': {'version': '3.9.19', 'machine': 'AMD64'}}
  warnings.warn(

2024-07-01 19:21:21,815:WARNING:
'cuml' is a soft dependency and not included in the pycaret installation. Please run: `pip install cuml` to install.
2024-07-01 19:21:21,815:WARNING:
'cuml' is a soft dependency and not included in the pycaret installation. Please run: `pip install cuml` to install.
2024-07-01 19:21:21,815:WARNING:
'cuml' is a soft dependency and not included in the pycaret installation. Please run: `pip install cuml` to install.
2024-07-01 19:21:21,815:WARNING:
'cuml' is a soft dependency and not included in the pycaret installation. Please run: `pip install cuml` to install.
2024-07-01 19:21:22,440:INFO:Initializing load_model()
2024-07-01 19:21:22,440:INFO:load_model(model_name=Model/lightgbm_Gosis_model, platform=None, authentication=None, verbose=True)
2024-07-01 19:21:22,446:INFO:Initializing load_model()
2024-07-01 19:21:22,446:INFO:load_model(model_name=Model/lightgbm_Gosis_model, platform=None, authentication=None, verbose=True)
2024-07-01 19:21:22,447:INFO:Initializing load_model()
2024-07-01 19:21:22,447:INFO:Initializing load_model()
2024-07-01 19:21:22,448:INFO:load_model(model_name=Model/lightgbm_Gosis_model, platform=None, authentication=None, verbose=True)
2024-07-01 19:21:22,447:INFO:load_model(model_name=Model/lightgbm_Gosis_model, platform=None, authentication=None, verbose=True)
2024-07-01 19:21:22,503:WARNING:C:\Users\abhis\anaconda3\envs\Streamlit_app\lib\site-packages\pycaret\internal\pipeline.py:146: UserWarning: Version mismatch:
current: {'deps_info': {'pip': '23.2.1', 'setuptools': '68.0.0', 'pycaret': '3.3.1', 'IPython': '8.16.1', 'ipywidgets': '8.1.1', 'tqdm': '4.66.1', 'numpy': '1.23.5', 'pandas': '1.5.3', 'jinja2': '3.1.2', 'scipy': '1.10.1', 'joblib': '1.3.2', 'sklearn': '1.4.2', 'pyod': '2.0.1', 'imblearn': '0.12.3', 'category_encoders': '2.6.2', 'lightgbm': '4.1.0', 'numba': '0.58.0', 'requests': '2.31.0', 'matplotlib': '3.8.0', 'scikitplot': '0.3.7', 'yellowbrick': '1.5', 'plotly': '5.17.0', 'plotly-resampler': 'Not installed', 'kaleido': '0.2.1', 'schemdraw': '0.15', 'statsmodels': '0.14.0', 'sktime': '0.26.0', 'tbats': '1.1.3', 'pmdarima': '2.0.4', 'psutil': '5.9.5', 'markupsafe': '2.1.3', 'pickle5': 'Not installed', 'cloudpickle': '2.2.1', 'deprecation': '2.1.0', 'xxhash': '3.4.1', 'wurlitzer': 'Not installed'}, 'python': {'version': '3.10.13', 'machine': 'AMD64'}}
pickle: {'deps_info': {'pip': '23.3.1', 'setuptools': '68.2.2', 'pycaret': '3.3.1', 'IPython': '8.18.1', 'ipywidgets': '8.1.2', 'tqdm': '4.66.2', 'numpy': '1.26.4', 'pandas': '2.1.4', 'jinja2': '3.1.3', 'scipy': '1.11.4', 'joblib': '1.3.2', 'sklearn': '1.4.2', 'pyod': '1.1.3', 'imblearn': '0.12.2', 'category_encoders': '2.6.3', 'lightgbm': '4.3.0', 'numba': '0.59.1', 'requests': '2.31.0', 'matplotlib': '3.7.5', 'scikitplot': '0.3.7', 'yellowbrick': '1.5', 'plotly': '5.21.0', 'plotly-resampler': 'Not installed', 'kaleido': '0.2.1', 'schemdraw': '0.15', 'statsmodels': '0.14.2', 'sktime': '0.26.0', 'tbats': '1.1.3', 'pmdarima': '2.0.4', 'psutil': '5.9.8', 'markupsafe': '2.1.5', 'pickle5': 'Not installed', 'cloudpickle': '3.0.0', 'deprecation': '2.1.0', 'xxhash': '3.4.1', 'wurlitzer': 'Not installed'}, 'python': {'version': '3.9.19', 'machine': 'AMD64'}}
  warnings.warn(

2024-07-01 19:21:30,303:INFO:Initializing load_model()
2024-07-01 19:21:30,303:INFO:load_model(model_name=Model/lightgbm_Gosis_model, platform=None, authentication=None, verbose=True)
2024-07-01 19:21:30,346:WARNING:C:\Users\abhis\anaconda3\envs\Streamlit_app\lib\site-packages\pycaret\internal\pipeline.py:146: UserWarning: Version mismatch:
current: {'deps_info': {'pip': '23.2.1', 'setuptools': '68.0.0', 'pycaret': '3.3.1', 'IPython': '8.16.1', 'ipywidgets': '8.1.1', 'tqdm': '4.66.1', 'numpy': '1.23.5', 'pandas': '1.5.3', 'jinja2': '3.1.2', 'scipy': '1.10.1', 'joblib': '1.3.2', 'sklearn': '1.4.2', 'pyod': '2.0.1', 'imblearn': '0.12.3', 'category_encoders': '2.6.2', 'lightgbm': '4.1.0', 'numba': '0.58.0', 'requests': '2.31.0', 'matplotlib': '3.8.0', 'scikitplot': '0.3.7', 'yellowbrick': '1.5', 'plotly': '5.17.0', 'plotly-resampler': 'Not installed', 'kaleido': '0.2.1', 'schemdraw': '0.15', 'statsmodels': '0.14.0', 'sktime': '0.26.0', 'tbats': '1.1.3', 'pmdarima': '2.0.4', 'psutil': '5.9.5', 'markupsafe': '2.1.3', 'pickle5': 'Not installed', 'cloudpickle': '2.2.1', 'deprecation': '2.1.0', 'xxhash': '3.4.1', 'wurlitzer': 'Not installed'}, 'python': {'version': '3.10.13', 'machine': 'AMD64'}}
pickle: {'deps_info': {'pip': '23.3.1', 'setuptools': '68.2.2', 'pycaret': '3.3.1', 'IPython': '8.18.1', 'ipywidgets': '8.1.2', 'tqdm': '4.66.2', 'numpy': '1.26.4', 'pandas': '2.1.4', 'jinja2': '3.1.3', 'scipy': '1.11.4', 'joblib': '1.3.2', 'sklearn': '1.4.2', 'pyod': '1.1.3', 'imblearn': '0.12.2', 'category_encoders': '2.6.3', 'lightgbm': '4.3.0', 'numba': '0.59.1', 'requests': '2.31.0', 'matplotlib': '3.7.5', 'scikitplot': '0.3.7', 'yellowbrick': '1.5', 'plotly': '5.21.0', 'plotly-resampler': 'Not installed', 'kaleido': '0.2.1', 'schemdraw': '0.15', 'statsmodels': '0.14.2', 'sktime': '0.26.0', 'tbats': '1.1.3', 'pmdarima': '2.0.4', 'psutil': '5.9.8', 'markupsafe': '2.1.5', 'pickle5': 'Not installed', 'cloudpickle': '3.0.0', 'deprecation': '2.1.0', 'xxhash': '3.4.1', 'wurlitzer': 'Not installed'}, 'python': {'version': '3.9.19', 'machine': 'AMD64'}}
  warnings.warn(

2024-07-01 19:21:31,139:INFO:Initializing predict_model()
2024-07-01 19:21:31,139:INFO:predict_model(self=<pycaret.classification.oop.ClassificationExperiment object at 0x000001BF4D4E1C30>, estimator=Pipeline(memory=Memory(location=None),
         steps=[('numerical_imputer',
                 TransformerWrapper(include=['bmi', 'hospital_los_days',
                                             'icu_los_days', 'albumin_apache',
                                             'apache_2_diagnosis',
                                             'apache_3j_diagnosis',
                                             'apache_post_operative',
                                             'arf_apache', 'fio2_apache',
                                             'map_apache', 'ph_apache',
                                             'temp_apache', 'ventilated_apache',
                                             'wbc_apache', 'd1_heartrate_max',
                                             'd1_heartrate...
                                             'd1_sysbp_invasive_min',
                                             'h1_heartrate_max',
                                             'h1_heartrate_min',
                                             'd1_arterial_ph_max',
                                             'd1_arterial_ph_min',
                                             'apache_3j_score', 'apsiii',
                                             'gender_F', 'gender_M'],
                                    transformer=SimpleImputer())),
                ('categorical_imputer',
                 TransformerWrapper(include=[],
                                    transformer=SimpleImputer(strategy='most_frequent'))),
                ('trained_model',
                 LGBMClassifier(n_jobs=-1, random_state=6382))]), probability_threshold=None, encoded_labels=False, raw_score=False, round=4, verbose=True, ml_usecase=None, preprocess=True, encode_labels=<function _SupervisedExperiment.predict_model.<locals>.encode_labels at 0x000001BF4FE2B250>)
2024-07-01 19:21:31,139:INFO:Checking exceptions
2024-07-01 19:21:31,140:INFO:Preloading libraries
2024-07-01 19:21:31,140:INFO:Set up data.
2024-07-01 19:21:31,153:INFO:Set up index.
